mktextfm Consolas
mktextfm Consolas
mktextfm Consolas
mktextfm Consolas/BI
mktextfm Consolas
mktextfm Consolas/B
mktextfm Consolas
mktextfm Consolas/I
mktextfm Consolas
mktextfm Consolas
mktextfm Monaco
mktextfm Consolas
mktextfm Consolas
mktextfm Consolas
mktextfm Consolas/BI
mktextfm Consolas
mktextfm Consolas/B
mktextfm Consolas
mktextfm Consolas/I
mktextfm Consolas
mktextfm Consolas
mktextfm Consolas
mktextfm Monaco
mktextfm Monaco
mktextfm Monaco
mktextfm Monaco/BI
mktextfm Monaco
mktextfm Monaco/B
mktextfm Monaco
mktextfm Monaco/I
mktextfm Monaco
mktextfm Monaco
mktextfm Consolas
mktextfm Consolas
mktextfm Consolas
mktextfm Consolas
mktextfm Consolas
mktextfm Consolas
mktextfm Consolas
mktextfm Consolas
mktextfm Monaco
mktextfm Monaco
mktextfm Monaco
mktextfm Consolas
